<?xml version="1.0" encoding="UTF-8"?>
<!-- Generated by org.testng.reporters.JUnitReportReporter -->
<testsuite hostname="DESKTOP-9BN1Q89" failures="0" tests="1" name="com.tutorialninja_testcases.tutorialninja_WishList" time="11.621" errors="0" timestamp="2022-12-29T06:28:26 IST" skipped="0">
  <testcase classname="com.tutorialninja_testcases.tutorialninja_WishList" name="wishListProduct" time="11.621"/>
  <system-out/>
</testsuite> <!-- com.tutorialninja_testcases.tutorialninja_WishList -->
