<?xml version="1.0" encoding="UTF-8"?>
<!-- Generated by org.testng.reporters.JUnitReportReporter -->
<testsuite hostname="aj-pc" failures="0" tests="2" name="com.tutorialninja_testcases.tutorialninja_login" time="15.524" errors="0" timestamp="2022-12-18T13:02:26 IST" skipped="0">
  <testcase classname="com.tutorialninja_testcases.tutorialninja_login" name="loginWith_InvalidCredentails" time="7.226"/>
  <system-out/>
  <testcase classname="com.tutorialninja_testcases.tutorialninja_login" name="loginWith_Valid_Credentials" time="8.298"/>
  <system-out/>
</testsuite> <!-- com.tutorialninja_testcases.tutorialninja_login -->
