<?xml version="1.0" encoding="UTF-8"?>
<!-- Generated by org.testng.reporters.JUnitReportReporter -->
<testsuite hostname="DESKTOP-9BN1Q89" failures="0" tests="2" name="com.tutorialninja_testcases.tutorialninja_login" time="14.731" errors="0" timestamp="2022-12-26T11:46:10 IST" skipped="0">
  <testcase classname="com.tutorialninja_testcases.tutorialninja_login" name="loginWith_InvalidCredentails" time="5.640"/>
  <system-out/>
  <testcase classname="com.tutorialninja_testcases.tutorialninja_login" name="loginWith_Valid_Credentials" time="9.091"/>
  <system-out/>
</testsuite> <!-- com.tutorialninja_testcases.tutorialninja_login -->
