<?xml version="1.0" encoding="UTF-8"?>
<!-- Generated by org.testng.reporters.JUnitReportReporter -->
<testsuite hostname="DESKTOP-9BN1Q89" failures="0" tests="1" name="com.tutorialninja_testcases.tutorialninja_BaseClass" time="10.787" errors="0" timestamp="2022-12-11T19:23:20 IST" skipped="0">
  <testcase classname="com.tutorialninja_testcases.tutorialninja_BaseClass" name="LaunchBrowser" time="10.787"/>
  <system-out/>
</testsuite> <!-- com.tutorialninja_testcases.tutorialninja_BaseClass -->
